# JRE version: Java(TM) SE Runtime Environment (8.0_202-b08) (build 1.8.0_202-b08)
# Java VM: Java HotSpot(TM) 64-Bit Server VM (25.202-b08 mixed mode windows-amd64 compressed oops)
Heap:
 PSYoungGen      total 180736K, used 105224K [0x00000000d5f00000, 0x00000000e4300000, 0x0000000100000000)
  eden space 168448K, 62% used [0x00000000d5f00000,0x00000000dc5c2170,0x00000000e0380000)
  from space 12288K, 0% used [0x00000000e1100000,0x00000000e1100000,0x00000000e1d00000)
  to   space 13824K, 0% used [0x00000000e0380000,0x00000000e0380000,0x00000000e1100000)
 ParOldGen       total 89600K, used 17840K [0x0000000081c00000, 0x0000000087380000, 0x00000000d5f00000)
  object space 89600K, 19% used [0x0000000081c00000,0x0000000082d6c290,0x0000000087380000)
 Metaspace       used 39142K, capacity 40496K, committed 40960K, reserved 1085440K
  class space    used 4993K, capacity 5250K, committed 5376K, reserved 1048576K
GC Heap History (10 events):
Event: 2.203 GC heap before
{Heap before GC invocations=6 (full 1):
 PSYoungGen      total 71680K, used 5096K [0x00000000d5f00000, 0x00000000df200000, 0x0000000100000000)
  eden space 66560K, 0% used [0x00000000d5f00000,0x00000000d5f00000,0x00000000da000000)
  from space 5120K, 99% used [0x00000000da000000,0x00000000da4fa268,0x00000000da500000)
  to   space 8704K, 0% used [0x00000000de980000,0x00000000de980000,0x00000000df200000)
 ParOldGen       total 87552K, used 4770K [0x0000000081c00000, 0x0000000087180000, 0x00000000d5f00000)
  object space 87552K, 5% used [0x0000000081c00000,0x00000000820a8990,0x0000000087180000)
 Metaspace       used 20577K, capacity 21134K, committed 21248K, reserved 1067008K
  class space    used 2661K, capacity 2803K, committed 2816K, reserved 1048576K
Event: 2.245 GC heap after
Heap after GC invocations=6 (full 1):
 PSYoungGen      total 71680K, used 0K [0x00000000d5f00000, 0x00000000df200000, 0x0000000100000000)
  eden space 66560K, 0% used [0x00000000d5f00000,0x00000000d5f00000,0x00000000da000000)
  from space 5120K, 0% used [0x00000000da000000,0x00000000da000000,0x00000000da500000)
  to   space 8704K, 0% used [0x00000000de980000,0x00000000de980000,0x00000000df200000)
 ParOldGen       total 53248K, used 5325K [0x0000000081c00000, 0x0000000085000000, 0x00000000d5f00000)
  object space 53248K, 10% used [0x0000000081c00000,0x0000000082133478,0x0000000085000000)
 Metaspace       used 20577K, capacity 21134K, committed 21248K, reserved 1067008K
  class space    used 2661K, capacity 2803K, committed 2816K, reserved 1048576K
}
Event: 3.262 GC heap before
{Heap before GC invocations=7 (full 1):
 PSYoungGen      total 71680K, used 66560K [0x00000000d5f00000, 0x00000000df200000, 0x0000000100000000)
  eden space 66560K, 100% used [0x00000000d5f00000,0x00000000da000000,0x00000000da000000)
  from space 5120K, 0% used [0x00000000da000000,0x00000000da000000,0x00000000da500000)
  to   space 8704K, 0% used [0x00000000de980000,0x00000000de980000,0x00000000df200000)
 ParOldGen       total 53248K, used 5325K [0x0000000081c00000, 0x0000000085000000, 0x00000000d5f00000)
  object space 53248K, 10% used [0x0000000081c00000,0x0000000082133478,0x0000000085000000)
 Metaspace       used 25756K, capacity 26656K, committed 26880K, reserved 1073152K
  class space    used 3300K, capacity 3516K, committed 3584K, reserved 1048576K
Event: 3.269 GC heap after
Heap after GC invocations=7 (full 1):
 PSYoungGen      total 115200K, used 6744K [0x00000000d5f00000, 0x00000000df080000, 0x0000000100000000)
  eden space 108032K, 0% used [0x00000000d5f00000,0x00000000d5f00000,0x00000000dc880000)
  from space 7168K, 94% used [0x00000000de980000,0x00000000df016018,0x00000000df080000)
  to   space 8704K, 0% used [0x00000000ddf80000,0x00000000ddf80000,0x00000000de800000)
 ParOldGen       total 53248K, used 5397K [0x0000000081c00000, 0x0000000085000000, 0x00000000d5f00000)
  object space 53248K, 10% used [0x0000000081c00000,0x0000000082145488,0x0000000085000000)
 Metaspace       used 25756K, capacity 26656K, committed 26880K, reserved 1073152K
  class space    used 3300K, capacity 3516K, committed 3584K, reserved 1048576K
}
Event: 5.323 GC heap before
{Heap before GC invocations=8 (full 1):
 PSYoungGen      total 115200K, used 114776K [0x00000000d5f00000, 0x00000000df080000, 0x0000000100000000)
  eden space 108032K, 100% used [0x00000000d5f00000,0x00000000dc880000,0x00000000dc880000)
  from space 7168K, 94% used [0x00000000de980000,0x00000000df016018,0x00000000df080000)
  to   space 8704K, 0% used [0x00000000ddf80000,0x00000000ddf80000,0x00000000de800000)
 ParOldGen       total 53248K, used 5397K [0x0000000081c00000, 0x0000000085000000, 0x00000000d5f00000)
  object space 53248K, 10% used [0x0000000081c00000,0x0000000082145488,0x0000000085000000)
 Metaspace       used 32132K, capacity 33424K, committed 33536K, reserved 1079296K
  class space    used 4090K, capacity 4346K, committed 4352K, reserved 1048576K
Event: 5.339 GC heap after
Heap after GC invocations=8 (full 1):
 PSYoungGen      total 140288K, used 8672K [0x00000000d5f00000, 0x00000000e1d00000, 0x0000000100000000)
  eden space 131584K, 0% used [0x00000000d5f00000,0x00000000d5f00000,0x00000000ddf80000)
  from space 8704K, 99% used [0x00000000ddf80000,0x00000000de7f8080,0x00000000de800000)
  to   space 12288K, 0% used [0x00000000e1100000,0x00000000e1100000,0x00000000e1d00000)
 ParOldGen       total 53248K, used 11058K [0x0000000081c00000, 0x0000000085000000, 0x00000000d5f00000)
  object space 53248K, 20% used [0x0000000081c00000,0x00000000826cca38,0x0000000085000000)
 Metaspace       used 32132K, capacity 33424K, committed 33536K, reserved 1079296K
  class space    used 4090K, capacity 4346K, committed 4352K, reserved 1048576K
}
Event: 5.993 GC heap before
{Heap before GC invocations=9 (full 1):
 PSYoungGen      total 140288K, used 50531K [0x00000000d5f00000, 0x00000000e1d00000, 0x0000000100000000)
  eden space 131584K, 31% used [0x00000000d5f00000,0x00000000d87e0ba0,0x00000000ddf80000)
  from space 8704K, 99% used [0x00000000ddf80000,0x00000000de7f8080,0x00000000de800000)
  to   space 12288K, 0% used [0x00000000e1100000,0x00000000e1100000,0x00000000e1d00000)
 ParOldGen       total 53248K, used 11058K [0x0000000081c00000, 0x0000000085000000, 0x00000000d5f00000)
  object space 53248K, 20% used [0x0000000081c00000,0x00000000826cca38,0x0000000085000000)
 Metaspace       used 33977K, capacity 35264K, committed 35416K, reserved 1081344K
  class space    used 4335K, capacity 4588K, committed 4608K, reserved 1048576K
Event: 6.007 GC heap after
Heap after GC invocations=9 (full 1):
 PSYoungGen      total 180736K, used 11442K [0x00000000d5f00000, 0x00000000e4300000, 0x0000000100000000)
  eden space 168448K, 0% used [0x00000000d5f00000,0x00000000d5f00000,0x00000000e0380000)
  from space 12288K, 93% used [0x00000000e1100000,0x00000000e1c2c8c8,0x00000000e1d00000)
  to   space 13824K, 0% used [0x00000000e0380000,0x00000000e0380000,0x00000000e1100000)
 ParOldGen       total 53248K, used 11066K [0x0000000081c00000, 0x0000000085000000, 0x00000000d5f00000)
  object space 53248K, 20% used [0x0000000081c00000,0x00000000826cea38,0x0000000085000000)
 Metaspace       used 33977K, capacity 35264K, committed 35416K, reserved 1081344K
  class space    used 4335K, capacity 4588K, committed 4608K, reserved 1048576K
}
Event: 6.007 GC heap before
{Heap before GC invocations=10 (full 2):
 PSYoungGen      total 180736K, used 11442K [0x00000000d5f00000, 0x00000000e4300000, 0x0000000100000000)
  eden space 168448K, 0% used [0x00000000d5f00000,0x00000000d5f00000,0x00000000e0380000)
  from space 12288K, 93% used [0x00000000e1100000,0x00000000e1c2c8c8,0x00000000e1d00000)
  to   space 13824K, 0% used [0x00000000e0380000,0x00000000e0380000,0x00000000e1100000)
 ParOldGen       total 53248K, used 11066K [0x0000000081c00000, 0x0000000085000000, 0x00000000d5f00000)
  object space 53248K, 20% used [0x0000000081c00000,0x00000000826cea38,0x0000000085000000)
 Metaspace       used 33977K, capacity 35264K, committed 35416K, reserved 1081344K
  class space    used 4335K, capacity 4588K, committed 4608K, reserved 1048576K
Event: 6.107 GC heap after
Heap after GC invocations=10 (full 2):
 PSYoungGen      total 180736K, used 0K [0x00000000d5f00000, 0x00000000e4300000, 0x0000000100000000)
  eden space 168448K, 0% used [0x00000000d5f00000,0x00000000d5f00000,0x00000000e0380000)
  from space 12288K, 0% used [0x00000000e1100000,0x00000000e1100000,0x00000000e1d00000)
  to   space 13824K, 0% used [0x00000000e0380000,0x00000000e0380000,0x00000000e1100000)
 ParOldGen       total 89600K, used 17840K [0x0000000081c00000, 0x0000000087380000, 0x00000000d5f00000)
  object space 89600K, 19% used [0x0000000081c00000,0x0000000082d6c290,0x0000000087380000)
 Metaspace       used 33977K, capacity 35264K, committed 35416K, reserved 1081344K
  class space    used 4335K, capacity 4588K, committed 4608K, reserved 1048576K
}

