# JRE version: Java(TM) SE Runtime Environment (8.0_202-b08) (build 1.8.0_202-b08)
# Java VM: Java HotSpot(TM) 64-Bit Server VM (25.202-b08 mixed mode windows-amd64 compressed oops)
Heap:
 PSYoungGen      total 194048K, used 85090K [0x00000000d5f00000, 0x00000000e4a00000, 0x0000000100000000)
  eden space 181248K, 46% used [0x00000000d5f00000,0x00000000db218a50,0x00000000e1000000)
  from space 12800K, 0% used [0x00000000e1d80000,0x00000000e1d80000,0x00000000e2a00000)
  to   space 13824K, 0% used [0x00000000e1000000,0x00000000e1000000,0x00000000e1d80000)
 ParOldGen       total 86528K, used 17466K [0x0000000081c00000, 0x0000000087080000, 0x00000000d5f00000)
  object space 86528K, 20% used [0x0000000081c00000,0x0000000082d0e940,0x0000000087080000)
 Metaspace       used 38783K, capacity 40196K, committed 40576K, reserved 1085440K
  class space    used 4950K, capacity 5216K, committed 5248K, reserved 1048576K
GC Heap History (10 events):
Event: 2.095 GC heap before
{Heap before GC invocations=6 (full 1):
 PSYoungGen      total 71680K, used 5104K [0x00000000d5f00000, 0x00000000df100000, 0x0000000100000000)
  eden space 66560K, 0% used [0x00000000d5f00000,0x00000000d5f00000,0x00000000da000000)
  from space 5120K, 99% used [0x00000000da000000,0x00000000da4fc040,0x00000000da500000)
  to   space 8192K, 0% used [0x00000000de900000,0x00000000de900000,0x00000000df100000)
 ParOldGen       total 87552K, used 4793K [0x0000000081c00000, 0x0000000087180000, 0x00000000d5f00000)
  object space 87552K, 5% used [0x0000000081c00000,0x00000000820ae560,0x0000000087180000)
 Metaspace       used 20564K, capacity 21126K, committed 21248K, reserved 1067008K
  class space    used 2654K, capacity 2803K, committed 2816K, reserved 1048576K
Event: 2.129 GC heap after
Heap after GC invocations=6 (full 1):
 PSYoungGen      total 71680K, used 0K [0x00000000d5f00000, 0x00000000df100000, 0x0000000100000000)
  eden space 66560K, 0% used [0x00000000d5f00000,0x00000000d5f00000,0x00000000da000000)
  from space 5120K, 0% used [0x00000000da000000,0x00000000da000000,0x00000000da500000)
  to   space 8192K, 0% used [0x00000000de900000,0x00000000de900000,0x00000000df100000)
 ParOldGen       total 51200K, used 5252K [0x0000000081c00000, 0x0000000084e00000, 0x00000000d5f00000)
  object space 51200K, 10% used [0x0000000081c00000,0x00000000821213f0,0x0000000084e00000)
 Metaspace       used 20564K, capacity 21126K, committed 21248K, reserved 1067008K
  class space    used 2654K, capacity 2803K, committed 2816K, reserved 1048576K
}
Event: 2.987 GC heap before
{Heap before GC invocations=7 (full 1):
 PSYoungGen      total 71680K, used 66560K [0x00000000d5f00000, 0x00000000df100000, 0x0000000100000000)
  eden space 66560K, 100% used [0x00000000d5f00000,0x00000000da000000,0x00000000da000000)
  from space 5120K, 0% used [0x00000000da000000,0x00000000da000000,0x00000000da500000)
  to   space 8192K, 0% used [0x00000000de900000,0x00000000de900000,0x00000000df100000)
 ParOldGen       total 51200K, used 5252K [0x0000000081c00000, 0x0000000084e00000, 0x00000000d5f00000)
  object space 51200K, 10% used [0x0000000081c00000,0x00000000821213f0,0x0000000084e00000)
 Metaspace       used 25670K, capacity 26488K, committed 26624K, reserved 1073152K
  class space    used 3293K, capacity 3484K, committed 3584K, reserved 1048576K
Event: 2.995 GC heap after
Heap after GC invocations=7 (full 1):
 PSYoungGen      total 118784K, used 6665K [0x00000000d5f00000, 0x00000000df000000, 0x0000000100000000)
  eden space 111616K, 0% used [0x00000000d5f00000,0x00000000d5f00000,0x00000000dcc00000)
  from space 7168K, 92% used [0x00000000de900000,0x00000000def827c8,0x00000000df000000)
  to   space 8704K, 0% used [0x00000000ddf00000,0x00000000ddf00000,0x00000000de780000)
 ParOldGen       total 51200K, used 5325K [0x0000000081c00000, 0x0000000084e00000, 0x00000000d5f00000)
  object space 51200K, 10% used [0x0000000081c00000,0x0000000082133400,0x0000000084e00000)
 Metaspace       used 25670K, capacity 26488K, committed 26624K, reserved 1073152K
  class space    used 3293K, capacity 3484K, committed 3584K, reserved 1048576K
}
Event: 5.015 GC heap before
{Heap before GC invocations=8 (full 1):
 PSYoungGen      total 118784K, used 118281K [0x00000000d5f00000, 0x00000000df000000, 0x0000000100000000)
  eden space 111616K, 100% used [0x00000000d5f00000,0x00000000dcc00000,0x00000000dcc00000)
  from space 7168K, 92% used [0x00000000de900000,0x00000000def827c8,0x00000000df000000)
  to   space 8704K, 0% used [0x00000000ddf00000,0x00000000ddf00000,0x00000000de780000)
 ParOldGen       total 51200K, used 5325K [0x0000000081c00000, 0x0000000084e00000, 0x00000000d5f00000)
  object space 51200K, 10% used [0x0000000081c00000,0x0000000082133400,0x0000000084e00000)
 Metaspace       used 32572K, capacity 33860K, committed 34176K, reserved 1079296K
  class space    used 4135K, capacity 4382K, committed 4480K, reserved 1048576K
Event: 5.034 GC heap after
Heap after GC invocations=8 (full 1):
 PSYoungGen      total 139776K, used 8690K [0x00000000d5f00000, 0x00000000e2a00000, 0x0000000100000000)
  eden space 131072K, 0% used [0x00000000d5f00000,0x00000000d5f00000,0x00000000ddf00000)
  from space 8704K, 99% used [0x00000000ddf00000,0x00000000de77c860,0x00000000de780000)
  to   space 12800K, 0% used [0x00000000e1d80000,0x00000000e1d80000,0x00000000e2a00000)
 ParOldGen       total 51200K, used 11622K [0x0000000081c00000, 0x0000000084e00000, 0x00000000d5f00000)
  object space 51200K, 22% used [0x0000000081c00000,0x0000000082759b90,0x0000000084e00000)
 Metaspace       used 32572K, capacity 33860K, committed 34176K, reserved 1079296K
  class space    used 4135K, capacity 4382K, committed 4480K, reserved 1048576K
}
Event: 5.620 GC heap before
{Heap before GC invocations=9 (full 1):
 PSYoungGen      total 139776K, used 42526K [0x00000000d5f00000, 0x00000000e2a00000, 0x0000000100000000)
  eden space 131072K, 25% used [0x00000000d5f00000,0x00000000d800b0f8,0x00000000ddf00000)
  from space 8704K, 99% used [0x00000000ddf00000,0x00000000de77c860,0x00000000de780000)
  to   space 12800K, 0% used [0x00000000e1d80000,0x00000000e1d80000,0x00000000e2a00000)
 ParOldGen       total 51200K, used 11622K [0x0000000081c00000, 0x0000000084e00000, 0x00000000d5f00000)
  object space 51200K, 22% used [0x0000000081c00000,0x0000000082759b90,0x0000000084e00000)
 Metaspace       used 33924K, capacity 35260K, committed 35416K, reserved 1081344K
  class space    used 4325K, capacity 4588K, committed 4608K, reserved 1048576K
Event: 5.636 GC heap after
Heap after GC invocations=9 (full 1):
 PSYoungGen      total 194048K, used 10797K [0x00000000d5f00000, 0x00000000e4a00000, 0x0000000100000000)
  eden space 181248K, 0% used [0x00000000d5f00000,0x00000000d5f00000,0x00000000e1000000)
  from space 12800K, 84% used [0x00000000e1d80000,0x00000000e280b470,0x00000000e2a00000)
  to   space 13824K, 0% used [0x00000000e1000000,0x00000000e1000000,0x00000000e1d80000)
 ParOldGen       total 51200K, used 11630K [0x0000000081c00000, 0x0000000084e00000, 0x00000000d5f00000)
  object space 51200K, 22% used [0x0000000081c00000,0x000000008275bb90,0x0000000084e00000)
 Metaspace       used 33924K, capacity 35260K, committed 35416K, reserved 1081344K
  class space    used 4325K, capacity 4588K, committed 4608K, reserved 1048576K
}
Event: 5.636 GC heap before
{Heap before GC invocations=10 (full 2):
 PSYoungGen      total 194048K, used 10797K [0x00000000d5f00000, 0x00000000e4a00000, 0x0000000100000000)
  eden space 181248K, 0% used [0x00000000d5f00000,0x00000000d5f00000,0x00000000e1000000)
  from space 12800K, 84% used [0x00000000e1d80000,0x00000000e280b470,0x00000000e2a00000)
  to   space 13824K, 0% used [0x00000000e1000000,0x00000000e1000000,0x00000000e1d80000)
 ParOldGen       total 51200K, used 11630K [0x0000000081c00000, 0x0000000084e00000, 0x00000000d5f00000)
  object space 51200K, 22% used [0x0000000081c00000,0x000000008275bb90,0x0000000084e00000)
 Metaspace       used 33924K, capacity 35260K, committed 35416K, reserved 1081344K
  class space    used 4325K, capacity 4588K, committed 4608K, reserved 1048576K
Event: 5.745 GC heap after
Heap after GC invocations=10 (full 2):
 PSYoungGen      total 194048K, used 0K [0x00000000d5f00000, 0x00000000e4a00000, 0x0000000100000000)
  eden space 181248K, 0% used [0x00000000d5f00000,0x00000000d5f00000,0x00000000e1000000)
  from space 12800K, 0% used [0x00000000e1d80000,0x00000000e1d80000,0x00000000e2a00000)
  to   space 13824K, 0% used [0x00000000e1000000,0x00000000e1000000,0x00000000e1d80000)
 ParOldGen       total 86528K, used 17466K [0x0000000081c00000, 0x0000000087080000, 0x00000000d5f00000)
  object space 86528K, 20% used [0x0000000081c00000,0x0000000082d0e940,0x0000000087080000)
 Metaspace       used 33924K, capacity 35260K, committed 35416K, reserved 1081344K
  class space    used 4325K, capacity 4588K, committed 4608K, reserved 1048576K
}

