# JRE version: Java(TM) SE Runtime Environment (8.0_202-b08) (build 1.8.0_202-b08)
# Java VM: Java HotSpot(TM) 64-Bit Server VM (25.202-b08 mixed mode windows-amd64 compressed oops)
Heap:
 PSYoungGen      total 148480K, used 105686K [0x00000000d5f00000, 0x00000000e0100000, 0x0000000100000000)
  eden space 140288K, 69% used [0x00000000d5f00000,0x00000000dbea8070,0x00000000de800000)
  from space 8192K, 94% used [0x00000000df900000,0x00000000e008d8e8,0x00000000e0100000)
  to   space 12800K, 0% used [0x00000000de800000,0x00000000de800000,0x00000000df480000)
 ParOldGen       total 98816K, used 19038K [0x0000000081c00000, 0x0000000087c80000, 0x00000000d5f00000)
  object space 98816K, 19% used [0x0000000081c00000,0x0000000082e97be0,0x0000000087c80000)
 Metaspace       used 45200K, capacity 46826K, committed 47024K, reserved 1089536K
  class space    used 5747K, capacity 6051K, committed 6064K, reserved 1048576K
GC Heap History (10 events):
Event: 3.767 GC heap before
{Heap before GC invocations=6 (full 1):
 PSYoungGen      total 71680K, used 66560K [0x00000000d5f00000, 0x00000000daa00000, 0x0000000100000000)
  eden space 66560K, 100% used [0x00000000d5f00000,0x00000000da000000,0x00000000da000000)
  from space 5120K, 0% used [0x00000000da500000,0x00000000da500000,0x00000000daa00000)
  to   space 5120K, 0% used [0x00000000da000000,0x00000000da000000,0x00000000da500000)
 ParOldGen       total 58880K, used 7642K [0x0000000081c00000, 0x0000000085580000, 0x00000000d5f00000)
  object space 58880K, 12% used [0x0000000081c00000,0x0000000082376898,0x0000000085580000)
 Metaspace       used 25951K, capacity 26842K, committed 27184K, reserved 1073152K
  class space    used 3353K, capacity 3549K, committed 3632K, reserved 1048576K
Event: 3.781 GC heap after
Heap after GC invocations=6 (full 1):
 PSYoungGen      total 71680K, used 5092K [0x00000000d5f00000, 0x00000000dd480000, 0x0000000100000000)
  eden space 66560K, 0% used [0x00000000d5f00000,0x00000000d5f00000,0x00000000da000000)
  from space 5120K, 99% used [0x00000000da000000,0x00000000da4f90b8,0x00000000da500000)
  to   space 9216K, 0% used [0x00000000dcb80000,0x00000000dcb80000,0x00000000dd480000)
 ParOldGen       total 58880K, used 9610K [0x0000000081c00000, 0x0000000085580000, 0x00000000d5f00000)
  object space 58880K, 16% used [0x0000000081c00000,0x00000000825629f8,0x0000000085580000)
 Metaspace       used 25951K, capacity 26842K, committed 27184K, reserved 1073152K
  class space    used 3353K, capacity 3549K, committed 3632K, reserved 1048576K
}
Event: 5.542 GC heap before
{Heap before GC invocations=7 (full 1):
 PSYoungGen      total 71680K, used 71652K [0x00000000d5f00000, 0x00000000dd480000, 0x0000000100000000)
  eden space 66560K, 100% used [0x00000000d5f00000,0x00000000da000000,0x00000000da000000)
  from space 5120K, 99% used [0x00000000da000000,0x00000000da4f90b8,0x00000000da500000)
  to   space 9216K, 0% used [0x00000000dcb80000,0x00000000dcb80000,0x00000000dd480000)
 ParOldGen       total 58880K, used 9610K [0x0000000081c00000, 0x0000000085580000, 0x00000000d5f00000)
  object space 58880K, 16% used [0x0000000081c00000,0x00000000825629f8,0x0000000085580000)
 Metaspace       used 29533K, capacity 30822K, committed 31024K, reserved 1077248K
  class space    used 3815K, capacity 4055K, committed 4144K, reserved 1048576K
Event: 5.554 GC heap after
Heap after GC invocations=7 (full 1):
 PSYoungGen      total 107520K, used 8203K [0x00000000d5f00000, 0x00000000dd400000, 0x0000000100000000)
  eden space 98816K, 0% used [0x00000000d5f00000,0x00000000d5f00000,0x00000000dbf80000)
  from space 8704K, 94% used [0x00000000dcb80000,0x00000000dd382ea8,0x00000000dd400000)
  to   space 9728K, 0% used [0x00000000dc100000,0x00000000dc100000,0x00000000dca80000)
 ParOldGen       total 58880K, used 9682K [0x0000000081c00000, 0x0000000085580000, 0x00000000d5f00000)
  object space 58880K, 16% used [0x0000000081c00000,0x0000000082574a08,0x0000000085580000)
 Metaspace       used 29533K, capacity 30822K, committed 31024K, reserved 1077248K
  class space    used 3815K, capacity 4055K, committed 4144K, reserved 1048576K
}
Event: 6.955 GC heap before
{Heap before GC invocations=8 (full 1):
 PSYoungGen      total 107520K, used 74002K [0x00000000d5f00000, 0x00000000dd400000, 0x0000000100000000)
  eden space 98816K, 66% used [0x00000000d5f00000,0x00000000d9f41d00,0x00000000dbf80000)
  from space 8704K, 94% used [0x00000000dcb80000,0x00000000dd382ea8,0x00000000dd400000)
  to   space 9728K, 0% used [0x00000000dc100000,0x00000000dc100000,0x00000000dca80000)
 ParOldGen       total 58880K, used 9682K [0x0000000081c00000, 0x0000000085580000, 0x00000000d5f00000)
  object space 58880K, 16% used [0x0000000081c00000,0x0000000082574a08,0x0000000085580000)
 Metaspace       used 33978K, capacity 35296K, committed 35496K, reserved 1081344K
  class space    used 4369K, capacity 4620K, committed 4656K, reserved 1048576K
Event: 6.972 GC heap after
Heap after GC invocations=8 (full 1):
 PSYoungGen      total 110080K, used 9724K [0x00000000d5f00000, 0x00000000e0600000, 0x0000000100000000)
  eden space 100352K, 0% used [0x00000000d5f00000,0x00000000d5f00000,0x00000000dc100000)
  from space 9728K, 99% used [0x00000000dc100000,0x00000000dca7f318,0x00000000dca80000)
  to   space 13312K, 0% used [0x00000000df900000,0x00000000df900000,0x00000000e0600000)
 ParOldGen       total 58880K, used 14917K [0x0000000081c00000, 0x0000000085580000, 0x00000000d5f00000)
  object space 58880K, 25% used [0x0000000081c00000,0x0000000082a91530,0x0000000085580000)
 Metaspace       used 33978K, capacity 35296K, committed 35496K, reserved 1081344K
  class space    used 4369K, capacity 4620K, committed 4656K, reserved 1048576K
}
Event: 6.972 GC heap before
{Heap before GC invocations=9 (full 2):
 PSYoungGen      total 110080K, used 9724K [0x00000000d5f00000, 0x00000000e0600000, 0x0000000100000000)
  eden space 100352K, 0% used [0x00000000d5f00000,0x00000000d5f00000,0x00000000dc100000)
  from space 9728K, 99% used [0x00000000dc100000,0x00000000dca7f318,0x00000000dca80000)
  to   space 13312K, 0% used [0x00000000df900000,0x00000000df900000,0x00000000e0600000)
 ParOldGen       total 58880K, used 14917K [0x0000000081c00000, 0x0000000085580000, 0x00000000d5f00000)
  object space 58880K, 25% used [0x0000000081c00000,0x0000000082a91530,0x0000000085580000)
 Metaspace       used 33978K, capacity 35296K, committed 35496K, reserved 1081344K
  class space    used 4369K, capacity 4620K, committed 4656K, reserved 1048576K
Event: 7.073 GC heap after
Heap after GC invocations=9 (full 2):
 PSYoungGen      total 110080K, used 0K [0x00000000d5f00000, 0x00000000e0600000, 0x0000000100000000)
  eden space 100352K, 0% used [0x00000000d5f00000,0x00000000d5f00000,0x00000000dc100000)
  from space 9728K, 0% used [0x00000000dc100000,0x00000000dc100000,0x00000000dca80000)
  to   space 13312K, 0% used [0x00000000df900000,0x00000000df900000,0x00000000e0600000)
 ParOldGen       total 98816K, used 19030K [0x0000000081c00000, 0x0000000087c80000, 0x00000000d5f00000)
  object space 98816K, 19% used [0x0000000081c00000,0x0000000082e95be0,0x0000000087c80000)
 Metaspace       used 33978K, capacity 35296K, committed 35496K, reserved 1081344K
  class space    used 4369K, capacity 4620K, committed 4656K, reserved 1048576K
}
Event: 8.595 GC heap before
{Heap before GC invocations=10 (full 2):
 PSYoungGen      total 110080K, used 100352K [0x00000000d5f00000, 0x00000000e0600000, 0x0000000100000000)
  eden space 100352K, 100% used [0x00000000d5f00000,0x00000000dc100000,0x00000000dc100000)
  from space 9728K, 0% used [0x00000000dc100000,0x00000000dc100000,0x00000000dca80000)
  to   space 13312K, 0% used [0x00000000df900000,0x00000000df900000,0x00000000e0600000)
 ParOldGen       total 98816K, used 19030K [0x0000000081c00000, 0x0000000087c80000, 0x00000000d5f00000)
  object space 98816K, 19% used [0x0000000081c00000,0x0000000082e95be0,0x0000000087c80000)
 Metaspace       used 38943K, capacity 40326K, committed 40752K, reserved 1085440K
  class space    used 5038K, capacity 5319K, committed 5424K, reserved 1048576K
Event: 8.604 GC heap after
Heap after GC invocations=10 (full 2):
 PSYoungGen      total 148480K, used 7734K [0x00000000d5f00000, 0x00000000e0100000, 0x0000000100000000)
  eden space 140288K, 0% used [0x00000000d5f00000,0x00000000d5f00000,0x00000000de800000)
  from space 8192K, 94% used [0x00000000df900000,0x00000000e008d8e8,0x00000000e0100000)
  to   space 12800K, 0% used [0x00000000de800000,0x00000000de800000,0x00000000df480000)
 ParOldGen       total 98816K, used 19038K [0x0000000081c00000, 0x0000000087c80000, 0x00000000d5f00000)
  object space 98816K, 19% used [0x0000000081c00000,0x0000000082e97be0,0x0000000087c80000)
 Metaspace       used 38943K, capacity 40326K, committed 40752K, reserved 1085440K
  class space    used 5038K, capacity 5319K, committed 5424K, reserved 1048576K
}

